0 info it worked if it ends with ok
1 verbose cli [ '/usr/bin/node',
1 verbose cli   '/usr/bin/npm',
1 verbose cli   'install',
1 verbose cli   '-g',
1 verbose cli   'stream-adventure' ]
2 info using npm@1.4.14
3 info using node@v0.10.29
4 verbose node symlink /usr/bin/node
5 verbose cache add [ 'stream-adventure', null ]
6 verbose cache add name=undefined spec="stream-adventure" args=["stream-adventure",null]
7 verbose parsed url { protocol: null,
7 verbose parsed url   slashes: null,
7 verbose parsed url   auth: null,
7 verbose parsed url   host: null,
7 verbose parsed url   port: null,
7 verbose parsed url   hostname: null,
7 verbose parsed url   hash: null,
7 verbose parsed url   search: null,
7 verbose parsed url   query: null,
7 verbose parsed url   pathname: 'stream-adventure',
7 verbose parsed url   path: 'stream-adventure',
7 verbose parsed url   href: 'stream-adventure' }
8 silly lockFile 27e6009b-stream-adventure stream-adventure
9 verbose lock stream-adventure /home/knguyen/.npm/27e6009b-stream-adventure.lock
10 silly lockFile 27e6009b-stream-adventure stream-adventure
11 silly lockFile 27e6009b-stream-adventure stream-adventure
12 verbose addNamed [ 'stream-adventure', '' ]
13 verbose addNamed [ null, '*' ]
14 silly lockFile 9bf677f3-stream-adventure stream-adventure@
15 verbose lock stream-adventure@ /home/knguyen/.npm/9bf677f3-stream-adventure.lock
16 silly addNameRange { name: 'stream-adventure', range: '*', hasData: false }
17 verbose url raw stream-adventure
18 verbose url resolving [ 'https://registry.npmjs.org/', './stream-adventure' ]
19 verbose url resolved https://registry.npmjs.org/stream-adventure
20 info trying registry request attempt 1 at 21:47:14
21 http GET https://registry.npmjs.org/stream-adventure
22 http 200 https://registry.npmjs.org/stream-adventure
23 silly registry.get cb [ 200,
23 silly registry.get   { date: 'Mon, 28 Jul 2014 04:47:14 GMT',
23 silly registry.get     server: 'CouchDB/1.5.0 (Erlang OTP/R16B03)',
23 silly registry.get     etag: '"A4PNUTY2NJTW93264WBZ0EM7Z"',
23 silly registry.get     'content-type': 'application/json',
23 silly registry.get     'cache-control': 'max-age=60',
23 silly registry.get     'content-length': '42838',
23 silly registry.get     'accept-ranges': 'bytes',
23 silly registry.get     via: '1.1 varnish',
23 silly registry.get     age: '0',
23 silly registry.get     'x-served-by': 'cache-sjc3126-SJC',
23 silly registry.get     'x-cache': 'MISS',
23 silly registry.get     'x-cache-hits': '0',
23 silly registry.get     'x-timer': 'S1406522834.719106,VS0,VE243',
23 silly registry.get     vary: 'Accept',
23 silly registry.get     'keep-alive': 'timeout=10, max=50',
23 silly registry.get     connection: 'Keep-Alive' } ]
24 silly addNameRange number 2 { name: 'stream-adventure', range: '*', hasData: true }
25 silly addNameRange versions [ 'stream-adventure',
25 silly addNameRange   [ '0.0.0',
25 silly addNameRange     '0.1.0',
25 silly addNameRange     '0.2.0',
25 silly addNameRange     '0.3.0',
25 silly addNameRange     '0.4.0',
25 silly addNameRange     '0.5.0',
25 silly addNameRange     '0.6.0',
25 silly addNameRange     '0.7.0',
25 silly addNameRange     '0.7.1',
25 silly addNameRange     '0.7.2',
25 silly addNameRange     '0.8.0',
25 silly addNameRange     '1.0.0',
25 silly addNameRange     '1.0.1',
25 silly addNameRange     '1.0.2',
25 silly addNameRange     '1.0.3',
25 silly addNameRange     '1.0.4',
25 silly addNameRange     '1.0.5',
25 silly addNameRange     '1.0.6',
25 silly addNameRange     '1.1.0',
25 silly addNameRange     '1.1.1',
25 silly addNameRange     '2.0.0',
25 silly addNameRange     '2.0.1',
25 silly addNameRange     '2.0.2',
25 silly addNameRange     '2.1.0',
25 silly addNameRange     '2.1.1',
25 silly addNameRange     '2.2.0',
25 silly addNameRange     '2.3.0',
25 silly addNameRange     '2.4.0',
25 silly addNameRange     '2.4.1',
25 silly addNameRange     '2.4.2',
25 silly addNameRange     '2.4.3',
25 silly addNameRange     '2.5.0' ] ]
26 verbose addNamed [ 'stream-adventure', '2.5.0' ]
27 verbose addNamed [ '2.5.0', '2.5.0' ]
28 silly lockFile 9e84864a-stream-adventure-2-5-0 stream-adventure@2.5.0
29 verbose lock stream-adventure@2.5.0 /home/knguyen/.npm/9e84864a-stream-adventure-2-5-0.lock
30 silly lockFile 5ea4a2bf-nture-stream-adventure-2-5-0-tgz https://registry.npmjs.org/stream-adventure/-/stream-adventure-2.5.0.tgz
31 verbose lock https://registry.npmjs.org/stream-adventure/-/stream-adventure-2.5.0.tgz /home/knguyen/.npm/5ea4a2bf-nture-stream-adventure-2-5-0-tgz.lock
32 verbose addRemoteTarball [ 'https://registry.npmjs.org/stream-adventure/-/stream-adventure-2.5.0.tgz',
32 verbose addRemoteTarball   'a090766b98e0ae44cc6aef7506c511af8dfc520c' ]
33 info retry fetch attempt 1 at 21:47:15
34 verbose fetch to= /home/knguyen/tmp/npm-3284-byLDK_kt/registry.npmjs.org/stream-adventure/-/stream-adventure-2.5.0.tgz
35 http GET https://registry.npmjs.org/stream-adventure/-/stream-adventure-2.5.0.tgz
36 http 200 https://registry.npmjs.org/stream-adventure/-/stream-adventure-2.5.0.tgz
37 silly lockFile 5ea4a2bf-nture-stream-adventure-2-5-0-tgz https://registry.npmjs.org/stream-adventure/-/stream-adventure-2.5.0.tgz
38 silly lockFile 5ea4a2bf-nture-stream-adventure-2-5-0-tgz https://registry.npmjs.org/stream-adventure/-/stream-adventure-2.5.0.tgz
39 silly lockFile 9e84864a-stream-adventure-2-5-0 stream-adventure@2.5.0
40 silly lockFile 9e84864a-stream-adventure-2-5-0 stream-adventure@2.5.0
41 silly lockFile 9bf677f3-stream-adventure stream-adventure@
42 silly lockFile 9bf677f3-stream-adventure stream-adventure@
43 silly resolved [ { name: 'stream-adventure',
43 silly resolved     version: '2.5.0',
43 silly resolved     description: 'an educational stream adventure',
43 silly resolved     bin: { 'stream-adventure': 'bin/cmd.js' },
43 silly resolved     dependencies:
43 silly resolved      { x256: '~0.0.1',
43 silly resolved        optimist: '~0.5.2',
43 silly resolved        through: '~2.3.4',
43 silly resolved        'tuple-stream': '~0.0.2',
43 silly resolved        'terminal-menu': '~0.0.0',
43 silly resolved        split: '~0.2.5',
43 silly resolved        duplexer: '~0.1.1',
43 silly resolved        'concat-stream': '~1.0.0',
43 silly resolved        hyperquest: '~0.1.6',
43 silly resolved        request: '~2.21.0',
43 silly resolved        chunky: '~0.0.0',
43 silly resolved        clone: '~0.1.9',
43 silly resolved        wordwrap: '~0.0.2',
43 silly resolved        tar: '~0.1.17',
43 silly resolved        'websocket-stream': '~0.2.0',
43 silly resolved        trumpet: '~1.6.2',
43 silly resolved        ws: '~0.4.25',
43 silly resolved        browserify: '~2.35.4',
43 silly resolved        mkdirp: '~0.3.5',
43 silly resolved        'stream-combiner': '~0.0.4',
43 silly resolved        provinces: '~0.2.0' },
43 silly resolved     devDependencies: { tape: '~2.3.0' },
43 silly resolved     scripts: { test: 'tape test/*.js' },
43 silly resolved     repository:
43 silly resolved      { type: 'git',
43 silly resolved        url: 'git://github.com/substack/stream-adventure.git' },
43 silly resolved     homepage: 'https://github.com/substack/stream-adventure',
43 silly resolved     keywords: [ 'stream', 'educational', 'guide', 'tutorial', 'learn' ],
43 silly resolved     author:
43 silly resolved      { name: 'James Halliday',
43 silly resolved        email: 'mail@substack.net',
43 silly resolved        url: 'http://substack.net' },
43 silly resolved     license: 'MIT',
43 silly resolved     gitHead: '62a6e34d25dda6705ecd7ab5cfd59507f696c584',
43 silly resolved     bugs: { url: 'https://github.com/substack/stream-adventure/issues' },
43 silly resolved     _id: 'stream-adventure@2.5.0',
43 silly resolved     _shasum: 'a090766b98e0ae44cc6aef7506c511af8dfc520c',
43 silly resolved     _from: 'stream-adventure@',
43 silly resolved     _npmVersion: '1.4.15',
43 silly resolved     _npmUser: { name: 'substack', email: 'mail@substack.net' },
43 silly resolved     maintainers: [ [Object] ],
43 silly resolved     dist:
43 silly resolved      { shasum: 'a090766b98e0ae44cc6aef7506c511af8dfc520c',
43 silly resolved        tarball: 'http://registry.npmjs.org/stream-adventure/-/stream-adventure-2.5.0.tgz' },
43 silly resolved     directories: {},
43 silly resolved     _resolved: 'https://registry.npmjs.org/stream-adventure/-/stream-adventure-2.5.0.tgz' } ]
44 info install stream-adventure@2.5.0 into /usr/lib
45 info installOne stream-adventure@2.5.0
46 info /usr/lib/node_modules/stream-adventure unbuild
47 verbose tar unpack /home/knguyen/.npm/stream-adventure/2.5.0/package.tgz
48 silly lockFile efaa886c-ib-node-modules-stream-adventure tar:///usr/lib/node_modules/stream-adventure
49 verbose lock tar:///usr/lib/node_modules/stream-adventure /home/knguyen/.npm/efaa886c-ib-node-modules-stream-adventure.lock
50 silly lockFile 5464f685-ream-adventure-2-5-0-package-tgz tar:///home/knguyen/.npm/stream-adventure/2.5.0/package.tgz
51 verbose lock tar:///home/knguyen/.npm/stream-adventure/2.5.0/package.tgz /home/knguyen/.npm/5464f685-ream-adventure-2-5-0-package-tgz.lock
52 silly gunzTarPerm modes [ '755', '644' ]
53 error Error: EACCES, mkdir '/usr/lib/node_modules/stream-adventure'
53 error  { [Error: EACCES, mkdir '/usr/lib/node_modules/stream-adventure']
53 error   errno: 3,
53 error   code: 'EACCES',
53 error   path: '/usr/lib/node_modules/stream-adventure',
53 error   fstream_type: 'Directory',
53 error   fstream_path: '/usr/lib/node_modules/stream-adventure',
53 error   fstream_class: 'DirWriter',
53 error   fstream_stack:
53 error    [ '/usr/lib/node_modules/npm/node_modules/fstream/lib/dir-writer.js:36:23',
53 error      '/usr/lib/node_modules/npm/node_modules/mkdirp/index.js:37:53',
53 error      'Object.oncomplete (fs.js:107:15)' ] }
54 error Please try running this command again as root/Administrator.
55 error System Linux 3.13.0-32-generic
56 error command "/usr/bin/node" "/usr/bin/npm" "install" "-g" "stream-adventure"
57 error cwd /home/knguyen/git/NodeSchool/LearnYouNode
58 error node -v v0.10.29
59 error npm -v 1.4.14
60 error path /usr/lib/node_modules/stream-adventure
61 error fstream_path /usr/lib/node_modules/stream-adventure
62 error fstream_type Directory
63 error fstream_class DirWriter
64 error code EACCES
65 error errno 3
66 error stack Error: EACCES, mkdir '/usr/lib/node_modules/stream-adventure'
67 error fstream_stack /usr/lib/node_modules/npm/node_modules/fstream/lib/dir-writer.js:36:23
67 error fstream_stack /usr/lib/node_modules/npm/node_modules/mkdirp/index.js:37:53
67 error fstream_stack Object.oncomplete (fs.js:107:15)
68 verbose exit [ 3, true ]
